<?xml version="1.0" encoding="UTF-8"?>
<!-- Generated by org.testng.reporters.JUnitXMLReporter -->
<testsuite hostname="DLDB0025" ignored="0" name="Default test" tests="2" failures="0" timestamp="22 Jun 2018 10:49:24 GMT" time="4.625" errors="0">
  <testcase name="Login_With_Incorrect_Password_ShowsError_Message" time="0.843" classname="hristest.TestNGtest"/>
  <testcase name="Login_With_No_Password_Shows_Red_Password_Field" time="0.259" classname="hristest.TestNGtest"/>
</testsuite> <!-- Default test -->
