<?xml version="1.0" encoding="UTF-8"?>
<testng-results skipped="0" failed="0" ignored="0" total="2" passed="2">
  <reporter-output>
  </reporter-output>
  <suite name="Default suite" duration-ms="4625" started-at="2018-06-22T10:49:20Z" finished-at="2018-06-22T10:49:24Z">
    <groups>
    </groups>
    <test name="Default test" duration-ms="4625" started-at="2018-06-22T10:49:20Z" finished-at="2018-06-22T10:49:24Z">
      <class name="hristest.TestNGtest">
        <test-method status="PASS" signature="launchBrowser()[pri:0, instance:hristest.TestNGtest@3d921e20]" name="launchBrowser" is-config="true" duration-ms="3499" started-at="2018-06-22T10:49:20Z" finished-at="2018-06-22T10:49:23Z">
          <reporter-output>
          </reporter-output>
        </test-method> <!-- launchBrowser -->
        <test-method status="PASS" signature="Login_With_Incorrect_Password_ShowsError_Message()[pri:0, instance:hristest.TestNGtest@3d921e20]" name="Login_With_Incorrect_Password_ShowsError_Message" duration-ms="843" started-at="2018-06-22T10:49:23Z" finished-at="2018-06-22T10:49:24Z">
          <reporter-output>
          </reporter-output>
        </test-method> <!-- Login_With_Incorrect_Password_ShowsError_Message -->
        <test-method status="PASS" signature="Login_With_No_Password_Shows_Red_Password_Field()[pri:0, instance:hristest.TestNGtest@3d921e20]" name="Login_With_No_Password_Shows_Red_Password_Field" duration-ms="259" started-at="2018-06-22T10:49:24Z" finished-at="2018-06-22T10:49:24Z">
          <reporter-output>
          </reporter-output>
        </test-method> <!-- Login_With_No_Password_Shows_Red_Password_Field -->
      </class> <!-- hristest.TestNGtest -->
    </test> <!-- Default test -->
  </suite> <!-- Default suite -->
</testng-results>
